"init_block complete"
"02:27:47.583   LOG INFO :: Updates for the trade table recieved so far today..
"02:27:47.583   LOG INFO :: Updates for the quote table recieved so far today..
"02:28:48.583   LOG INFO :: Updates for the trade table recieved so far today..
"02:28:48.583   LOG INFO :: Updates for the quote table recieved so far today..
"02:29:49.583   LOG INFO :: Updates for the trade table recieved so far today..
"02:29:49.583   LOG INFO :: Updates for the quote table recieved so far today..
"02:30:50.583   LOG INFO :: Updates for the trade table recieved so far today..
"02:30:50.583   LOG INFO :: Updates for the quote table recieved so far today..
"02:31:19.956   LOG INFO :: New subscription successful"
"02:31:19.956   LOG INFO :: New subscription successful"
'2019.09.26T22:31:20.583 access
'2019.09.26T22:31:21.585 access
'2019.09.26T22:31:23.583 access
'2019.09.26T22:31:25.584 access
'2019.09.26T22:31:26.584 access
'2019.09.26T22:31:28.584 access
'2019.09.26T22:31:30.584 access
'2019.09.26T22:31:32.583 access
'2019.09.26T22:31:33.584 access
'2019.09.26T22:31:35.584 access
'2019.09.26T22:31:36.584 access
'2019.09.26T22:31:38.584 access
'2019.09.26T22:31:41.583 access
'2019.09.26T22:31:42.584 access
'2019.09.26T22:31:44.583 access
'2019.09.26T22:31:46.584 access
'2019.09.26T22:31:49.583 access
'2019.09.26T22:31:51.584 access
'2019.09.26T22:31:52.489 type
  [0]  .z.t 0
       ^
'2019.09.26T22:31:53.584 access
'2019.09.26T22:31:54.584 access
'2019.09.26T22:31:56.584 access
'2019.09.26T22:31:56.927 .z.tp
  [0]  .z.tp 0
       ^
'2019.09.26T22:31:58.584 access
