"init_block complete"
"12:05:08.967   LOG INFO :: This process is a : RDB1"
"12:05:08.967   LOG INFO :: Finished importing libraries"
"12:05:08.967   LOG INFO :: Connecting to BASE process"
"12:05:08.967   LOG INFO :: Connecting to BASE process"
"12:05:08.968   LOG INFO :: completed command on handle : 5"
`quote`trade
"12:05:08.968   LOG INFO :: Subscribing to TP tables"
"12:05:08.969   LOG INFO :: Finished Subscribing to TP tables"
"12:05:09.977   LOG INFO :: Added connection from SVC : CEP"
"12:05:10.979   LOG INFO :: Added connection from SVC : RDB2"
"12:06:09.069   LOG INFO :: Updates for the quote  table recieved so far today : 4"
"12:06:09.069   LOG INFO :: Updates for the trade  table recieved so far today : 55"
"12:07:09.169   LOG INFO :: Updates for the quote  table recieved so far today : 4"
"12:07:09.169   LOG INFO :: Updates for the trade  table recieved so far today : 115"
'2019.10.09T08:07:43.821 svc
"12:08:09.269   LOG INFO :: Updates for the quote  table recieved so far today : 4"
"12:08:09.269   LOG INFO :: Updates for the trade  table recieved so far today : 175"
"12:09:09.369   LOG INFO :: Updates for the quote  table recieved so far today : 4"
"12:09:09.369   LOG INFO :: Updates for the trade  table recieved so far today : 235"
"12:09:47.374   LOG INFO :: Removed client from pub tbl : "
"12:10:09.469   LOG INFO :: Updates for the quote  table recieved so far today : 4"
"12:10:09.469   LOG INFO :: Updates for the trade  table recieved so far today : 295"
"12:11:09.569   LOG INFO :: Updates for the quote  table recieved so far today : 4"
"12:11:09.569   LOG INFO :: Updates for the trade  table recieved so far today : 350"
"12:12:09.669   LOG INFO :: Updates for the quote  table recieved so far today : 4"
"12:12:09.669   LOG INFO :: Updates for the trade  table recieved so far today : 410"
"12:13:09.769   LOG INFO :: Updates for the quote  table recieved so far today : 4"
"12:13:09.769   LOG INFO :: Updates for the trade  table recieved so far today : 470"
"12:13:25.983   LOG INFO :: Removed client from pub tbl : "
"12:13:32.890   LOG INFO :: Removed client from pub tbl : RDB2"
"12:13:35.066   LOG INFO :: Removed client from pub tbl : CEP"
"12:13:39.978   LOG INFO :: Removed client from pub tbl : BASE"
"12:13:40.060   LOG INFO :: Removed client from pub tbl : TP"
./start_rdb1.sh: line 13: 18841 Killed                  q rdb.q -instance 1 -logfile $logfile -p $rdb1_port -svc RDB1 -c 2001 2001 -tables quote trade -q
