"init_block complete"
"12:13:55.796   LOG INFO :: This process is a : RDB1"
"12:13:55.796   LOG INFO :: Finished importing libraries"
"12:13:55.796   LOG INFO :: Connecting to BASE process"
"12:13:55.796   LOG INFO :: Connecting to BASE process"
"12:13:55.796   LOG INFO :: completed command on handle : 5"
`quote`trade
"12:13:55.797   LOG INFO :: Subscribing to TP tables"
"12:13:55.797   LOG INFO :: Finished Subscribing to TP tables"
"12:13:56.806   LOG INFO :: Added connection from SVC : CEP"
"12:13:57.809   LOG INFO :: Added connection from SVC : RDB2"
"12:14:55.898   LOG INFO :: Update for the quote  table"
"12:14:55.898   LOG INFO :: Update for the trade  table"
"12:15:55.998   LOG INFO :: Update for the quote  table"
"12:15:55.998   LOG INFO :: Update for the trade  table"
"12:16:56.098   LOG INFO :: Update for the quote  table"
"12:16:56.098   LOG INFO :: Update for the trade  table"
"12:17:56.198   LOG INFO :: Update for the quote  table"
"12:17:56.198   LOG INFO :: Update for the trade  table"
"12:18:08.969   LOG INFO :: Removed client from pub tbl : "
"12:18:08.981   LOG INFO :: Removed client from pub tbl : CEP"
"12:18:08.991   LOG INFO :: Removed client from pub tbl : RDB2"
"12:18:20.512   LOG INFO :: Removed client from pub tbl : BASE"
"12:18:20.581   LOG INFO :: Removed client from pub tbl : TP"
./start_rdb1.sh: line 13: 23446 Killed                  q rdb.q -instance 1 -logfile $logfile -p $rdb1_port -svc RDB1 -c 2001 2001 -tables quote trade -q
