"init_block complete"
"12:26:12.638   LOG INFO :: This process is a : RDB1"
"12:26:12.639   LOG INFO :: Finished importing libraries"
"12:26:12.639   LOG INFO :: Connecting to BASE process"
"12:26:12.639   LOG INFO :: Connecting to BASE process"
"12:26:12.639   LOG INFO :: completed command on handle : 5"
`quote`trade
"12:26:12.640   LOG INFO :: Subscribing to TP tables"
"12:26:12.640   LOG INFO :: Finished Subscribing to TP tables"
"12:26:13.648   LOG INFO :: Added connection from SVC : CEP"
"12:26:14.653   LOG INFO :: Added connection from SVC : RDB2"
"12:27:12.641   LOG INFO :: Update for the quote  table"
"12:27:12.641   LOG INFO :: Update for the trade  table"
"12:28:12.741   LOG INFO :: Update for the quote  table"
"12:28:12.741   LOG INFO :: Update for the trade  table"
"12:29:12.841   LOG INFO :: Update for the quote  table"
"12:29:12.841   LOG INFO :: Update for the trade  table"
"12:30:12.941   LOG INFO :: Update for the quote  table"
"12:30:12.941   LOG INFO :: Update for the trade  table"
"12:31:13.041   LOG INFO :: Update for the quote  table"
"12:31:13.041   LOG INFO :: Update for the trade  table"
"12:32:13.041   LOG INFO :: Update for the quote  table"
"12:32:13.041   LOG INFO :: Update for the trade  table"
"12:33:13.141   LOG INFO :: Update for the quote  table"
"12:33:13.141   LOG INFO :: Update for the trade  table"
"12:34:13.241   LOG INFO :: Update for the quote  table"
"12:34:13.241   LOG INFO :: Update for the trade  table"
"12:35:13.341   LOG INFO :: Update for the quote  table"
"12:35:13.341   LOG INFO :: Update for the trade  table"
"12:36:13.441   LOG INFO :: Update for the quote  table"
"12:36:13.441   LOG INFO :: Update for the trade  table"
"12:36:55.978   LOG INFO :: Removed client from pub tbl : "
"12:36:55.989   LOG INFO :: Removed client from pub tbl : RDB2"
"12:36:55.989   LOG INFO :: Removed client from pub tbl : CEP"
"12:37:01.864   LOG INFO :: Removed client from pub tbl : BASE"
"12:37:01.953   LOG INFO :: Removed client from pub tbl : TP"
./start_rdb1.sh: line 13: 29428 Killed                  q rdb.q -instance 1 -logfile $logfile -p $rdb1_port -svc RDB1 -c 2001 2001 -tables quote trade -q
