"init_block complete"
"12:37:22.091   LOG INFO :: This process is a : TP"
"12:37:22.092   LOG INFO :: Finished importing libraries"
"12:37:22.092   LOG INFO :: Setting log file path"
"12:37:22.092   LOG INFO :: Opening handle to log file"
"12:37:22.092   LOG INFO :: Successfully connected to log file"
"12:37:22.092   LOG INFO :: Connecting to BASE process"
"12:37:22.093   LOG INFO :: TP set up complete"
"12:37:23.097   LOG INFO :: New subscription successful"
"12:37:23.097   LOG INFO :: New subscription successful"
"12:37:23.097   LOG INFO :: Added connection from SVC : RDB1"
"12:37:24.100   LOG INFO :: New subscription successful"
"12:37:24.101   LOG INFO :: New subscription successful"
"12:37:24.101   LOG INFO :: Added connection from SVC : CEP"
"12:37:25.104   LOG INFO :: New subscription successful"
"12:37:25.104   LOG INFO :: Added connection from SVC : RDB2"
"12:38:22.094   LOG INFO :: Updates for the trade table recieved so far today : 50"
"12:38:22.094   LOG INFO :: Updates for the quote table recieved so far today : 140"
"12:39:22.194   LOG INFO :: Updates for the trade table recieved so far today : 110"
"12:39:22.194   LOG INFO :: Updates for the quote table recieved so far today : 275"
"12:39:36.858   LOG INFO :: Removed client from pub tbl : "
"12:39:39.627   LOG INFO :: Removed client from pub tbl : RDB2"
"12:39:39.635   LOG INFO :: Removed client from pub tbl : CEP"
"12:39:53.298   LOG INFO :: Removed client from pub tbl : BASE"
./start_tp.sh: line 12:  2139 Killed                  q tp.q -instance 1 -logfile $logfile -p $tp_port -svc $tpsvc -c 2001 2001 -q
