"init_block complete"
"12:05:07.963   LOG INFO :: This process is a : TP"
"12:05:07.963   LOG INFO :: Finished importing libraries"
"12:05:07.963   LOG INFO :: Setting log file path"
"12:05:07.963   LOG INFO :: Opening handle to log file"
"12:05:07.964   LOG INFO :: Successfully connected to log file"
"12:05:07.964   LOG INFO :: Connecting to BASE process"
"12:05:07.965   LOG INFO :: TP set up complete"
"12:05:08.969   LOG INFO :: New subscription successful"
"12:05:08.969   LOG INFO :: New subscription successful"
"12:05:08.969   LOG INFO :: Added connection from SVC : RDB1"
"12:05:09.975   LOG INFO :: New subscription successful"
"12:05:09.975   LOG INFO :: New subscription successful"
"12:05:09.976   LOG INFO :: Added connection from SVC : CEP"
"12:05:10.979   LOG INFO :: New subscription successful"
"12:05:10.979   LOG INFO :: Added connection from SVC : RDB2"
"12:06:07.965   LOG INFO :: Updates for the trade table recieved so far today : 55"
"12:06:07.965   LOG INFO :: Updates for the quote table recieved so far today : 140"
"12:07:08.065   LOG INFO :: Updates for the trade table recieved so far today : 115"
"12:07:08.065   LOG INFO :: Updates for the quote table recieved so far today : 285"
"12:08:08.165   LOG INFO :: Updates for the trade table recieved so far today : 175"
"12:08:08.165   LOG INFO :: Updates for the quote table recieved so far today : 430"
"12:09:08.265   LOG INFO :: Updates for the trade table recieved so far today : 235"
"12:09:08.265   LOG INFO :: Updates for the quote table recieved so far today : 575"
"12:10:08.266   LOG INFO :: Updates for the trade table recieved so far today : 295"
"12:10:08.266   LOG INFO :: Updates for the quote table recieved so far today : 715"
"12:11:08.365   LOG INFO :: Updates for the trade table recieved so far today : 350"
"12:11:08.365   LOG INFO :: Updates for the quote table recieved so far today : 860"
"12:12:08.465   LOG INFO :: Updates for the trade table recieved so far today : 410"
"12:12:08.465   LOG INFO :: Updates for the quote table recieved so far today : 1005"
"12:13:08.566   LOG INFO :: Updates for the trade table recieved so far today : 470"
"12:13:08.566   LOG INFO :: Updates for the quote table recieved so far today : 1150"
"12:13:25.983   LOG INFO :: Removed client from pub tbl : "
"12:13:32.890   LOG INFO :: Removed client from pub tbl : RDB2"
"12:13:35.066   LOG INFO :: Removed client from pub tbl : CEP"
"12:13:39.978   LOG INFO :: Removed client from pub tbl : BASE"
./start_tp.sh: line 12: 18819 Killed                  q tp.q -instance 1 -logfile $logfile -p $tp_port -svc $tpsvc -c 2001 2001 -q
