"init_block complete"
"12:19:17.152   LOG INFO :: This process is a : TP"
"12:19:17.152   LOG INFO :: Finished importing libraries"
"12:19:17.153   LOG INFO :: Setting log file path"
"12:19:17.153   LOG INFO :: Opening handle to log file"
"12:19:17.153   LOG INFO :: Successfully connected to log file"
"12:19:17.153   LOG INFO :: Connecting to BASE process"
"12:19:17.153   LOG INFO :: TP set up complete"
"12:19:18.159   LOG INFO :: New subscription successful"
"12:19:18.160   LOG INFO :: New subscription successful"
"12:19:18.160   LOG INFO :: Added connection from SVC : RDB1"
"12:19:19.165   LOG INFO :: New subscription successful"
"12:19:19.166   LOG INFO :: New subscription successful"
"12:19:19.166   LOG INFO :: Added connection from SVC : CEP"
"12:19:20.165   LOG INFO :: New subscription successful"
"12:19:20.165   LOG INFO :: Added connection from SVC : RDB2"
"12:20:17.154   LOG INFO :: Updates for the trade table recieved so far today : 55"
"12:20:17.154   LOG INFO :: Updates for the quote table recieved so far today : 140"
"12:21:17.254   LOG INFO :: Updates for the trade table recieved so far today : 115"
"12:21:17.254   LOG INFO :: Updates for the quote table recieved so far today : 285"
"12:22:17.354   LOG INFO :: Updates for the trade table recieved so far today : 175"
"12:22:17.354   LOG INFO :: Updates for the quote table recieved so far today : 430"
"12:23:17.454   LOG INFO :: Updates for the trade table recieved so far today : 235"
"12:23:17.454   LOG INFO :: Updates for the quote table recieved so far today : 575"
"12:24:17.455   LOG INFO :: Updates for the trade table recieved so far today : 295"
"12:24:17.456   LOG INFO :: Updates for the quote table recieved so far today : 715"
"12:25:17.554   LOG INFO :: Updates for the trade table recieved so far today : 350"
"12:25:17.554   LOG INFO :: Updates for the quote table recieved so far today : 860"
"12:25:44.276   LOG INFO :: Removed client from pub tbl : "
"12:25:44.287   LOG INFO :: Removed client from pub tbl : CEP"
"12:25:44.287   LOG INFO :: Removed client from pub tbl : RDB2"
"12:25:54.688   LOG INFO :: Removed client from pub tbl : BASE"
./start_tp.sh: line 12: 26073 Killed                  q tp.q -instance 1 -logfile $logfile -p $tp_port -svc $tpsvc -c 2001 2001 -q
