"init_block complete"
"12:13:54.791   LOG INFO :: This process is a : TP"
"12:13:54.792   LOG INFO :: Finished importing libraries"
"12:13:54.792   LOG INFO :: Setting log file path"
"12:13:54.792   LOG INFO :: Opening handle to log file"
"12:13:54.792   LOG INFO :: Successfully connected to log file"
"12:13:54.792   LOG INFO :: Connecting to BASE process"
"12:13:54.794   LOG INFO :: TP set up complete"
"12:13:55.797   LOG INFO :: New subscription successful"
"12:13:55.797   LOG INFO :: New subscription successful"
"12:13:55.797   LOG INFO :: Added connection from SVC : RDB1"
"12:13:56.804   LOG INFO :: New subscription successful"
"12:13:56.804   LOG INFO :: New subscription successful"
"12:13:56.804   LOG INFO :: Added connection from SVC : CEP"
"12:13:57.808   LOG INFO :: New subscription successful"
"12:13:57.809   LOG INFO :: Added connection from SVC : RDB2"
"12:14:54.794   LOG INFO :: Updates for the trade table recieved so far today : 55"
"12:14:54.794   LOG INFO :: Updates for the quote table recieved so far today : 140"
"12:15:54.894   LOG INFO :: Updates for the trade table recieved so far today : 115"
"12:15:54.894   LOG INFO :: Updates for the quote table recieved so far today : 285"
"12:16:54.994   LOG INFO :: Updates for the trade table recieved so far today : 175"
"12:16:54.994   LOG INFO :: Updates for the quote table recieved so far today : 430"
"12:17:55.094   LOG INFO :: Updates for the trade table recieved so far today : 235"
"12:17:55.094   LOG INFO :: Updates for the quote table recieved so far today : 575"
"12:18:08.969   LOG INFO :: Removed client from pub tbl : "
"12:18:08.981   LOG INFO :: Removed client from pub tbl : CEP"
"12:18:08.991   LOG INFO :: Removed client from pub tbl : RDB2"
"12:18:20.512   LOG INFO :: Removed client from pub tbl : BASE"
./start_tp.sh: line 12: 23426 Killed                  q tp.q -instance 1 -logfile $logfile -p $tp_port -svc $tpsvc -c 2001 2001 -q
