"init_block complete"
"12:26:11.633   LOG INFO :: This process is a : TP"
"12:26:11.634   LOG INFO :: Finished importing libraries"
"12:26:11.634   LOG INFO :: Setting log file path"
"12:26:11.634   LOG INFO :: Opening handle to log file"
"12:26:11.634   LOG INFO :: Successfully connected to log file"
"12:26:11.634   LOG INFO :: Connecting to BASE process"
"12:26:11.635   LOG INFO :: TP set up complete"
"12:26:12.640   LOG INFO :: New subscription successful"
"12:26:12.640   LOG INFO :: New subscription successful"
"12:26:12.640   LOG INFO :: Added connection from SVC : RDB1"
"12:26:13.647   LOG INFO :: New subscription successful"
"12:26:13.647   LOG INFO :: New subscription successful"
"12:26:13.647   LOG INFO :: Added connection from SVC : CEP"
"12:26:14.652   LOG INFO :: New subscription successful"
"12:26:14.653   LOG INFO :: Added connection from SVC : RDB2"
"12:27:11.636   LOG INFO :: Updates for the trade table recieved so far today : 55"
"12:27:11.636   LOG INFO :: Updates for the quote table recieved so far today : 140"
"12:28:11.736   LOG INFO :: Updates for the trade table recieved so far today : 115"
"12:28:11.736   LOG INFO :: Updates for the quote table recieved so far today : 285"
"12:29:11.836   LOG INFO :: Updates for the trade table recieved so far today : 175"
"12:29:11.836   LOG INFO :: Updates for the quote table recieved so far today : 430"
"12:30:11.936   LOG INFO :: Updates for the trade table recieved so far today : 235"
"12:30:11.936   LOG INFO :: Updates for the quote table recieved so far today : 575"
"12:31:11.937   LOG INFO :: Updates for the trade table recieved so far today : 295"
"12:31:11.937   LOG INFO :: Updates for the quote table recieved so far today : 715"
"12:32:12.036   LOG INFO :: Updates for the trade table recieved so far today : 350"
"12:32:12.036   LOG INFO :: Updates for the quote table recieved so far today : 860"
"12:33:12.136   LOG INFO :: Updates for the trade table recieved so far today : 410"
"12:33:12.136   LOG INFO :: Updates for the quote table recieved so far today : 1005"
"12:34:12.237   LOG INFO :: Updates for the trade table recieved so far today : 470"
"12:34:12.237   LOG INFO :: Updates for the quote table recieved so far today : 1150"
"12:35:12.336   LOG INFO :: Updates for the trade table recieved so far today : 530"
"12:35:12.336   LOG INFO :: Updates for the quote table recieved so far today : 1290"
"12:36:12.436   LOG INFO :: Updates for the trade table recieved so far today : 590"
"12:36:12.436   LOG INFO :: Updates for the quote table recieved so far today : 1435"
"12:36:55.978   LOG INFO :: Removed client from pub tbl : "
"12:36:55.989   LOG INFO :: Removed client from pub tbl : RDB2"
"12:36:55.989   LOG INFO :: Removed client from pub tbl : CEP"
"12:37:01.864   LOG INFO :: Removed client from pub tbl : BASE"
./start_tp.sh: line 12: 29408 Killed                  q tp.q -instance 1 -logfile $logfile -p $tp_port -svc $tpsvc -c 2001 2001 -q
