"init_block complete"
"06:53:27.457   LOG INFO :: New subscription successful"
'2019.09.27T02:53:52.870 .sub.tbl
  [0]  .sub.tbl
       ^
'2019.09.27T02:54:00.869 .sub
  [0]  .sub
       ^
   | ::
tbl| +`topic`client!(,`aggtbl;,`TP)
upd| {[vals]
    `.pub.tbl upsert vals;
    .log.info "New subscription succe..
topic  client
-------------
aggtbl TP    
     | ::
send | {[SVC; topic; data]
        //if[not (meta topic)~meta data; .log.erro..
upd  | {[topic; data]
        topic upsert data;
        .log.handle@enlist(`..
count| `quote`trade!0 0
("0";"6";":";"5";"4";":";"5";"4";".";"6";"2";"6";" ";" ";" ";"L";"O";"G";" ";..
"06:54:54.626   LOG INFO :: Removed client from pub tbl : "
topic client
------------
{[SVC; me; tbl]
        h:$[SVC in .connections.handles[`svc]; first exec handle from .connec..
        h(`.pub.upd; (tbl; me));
        }
svc port handle
---------------
`CEP
