"init_block complete"
     | ::
send | {[SVC; topic; data]
        //if[not (meta topic)~meta data; .log.erro..
upd  | {[topic; data]
        topic upsert data;
        .log.handle@enlist(`..
count| `quote`trade!15 5
quote| 25
trade| 10
"07:31:13.240   LOG INFO :: New subscription successful"
"07:31:13.240   LOG INFO :: New subscription successful"
'2019.09.27T03:31:14.540 hop. OS reports: Connection refused
'2019.09.27T03:31:16.540 hop. OS reports: Connection refused
'2019.09.27T03:31:18.541 hop. OS reports: Connection refused
'2019.09.27T03:31:19.541 hop. OS reports: Connection refused
'2019.09.27T03:31:21.540 hop. OS reports: Connection refused
'2019.09.27T03:31:23.540 hop. OS reports: Connection refused
'2019.09.27T03:31:25.540 hop. OS reports: Connection refused
1000i
'2019.09.27T03:31:27.540 hop. OS reports: Connection refused
'2019.09.27T03:31:29.540 hop. OS reports: Connection refused
'2019.09.27T03:31:31.540 hop. OS reports: Connection refused
'2019.09.27T03:31:33.540 hop. OS reports: Connection refused
'2019.09.27T03:31:35.540 hop. OS reports: Connection refused
'2019.09.27T03:31:37.540 hop. OS reports: Connection refused
"07:31:38.540   LOG INFO :: Updates for the trade table recieved so far today..
"07:31:38.540   LOG INFO :: Updates for the quote table recieved so far today..
'2019.09.27T03:31:39.541 hop. OS reports: Connection refused
'2019.09.27T03:31:41.540 hop. OS reports: Connection refused
'2019.09.27T03:31:43.540 hop. OS reports: Connection refused
"07:31:45.024   LOG INFO :: Removed client from pub tbl : "
'2019.09.27T03:31:45.540 hop. OS reports: Connection refused
'2019.09.27T03:31:47.540 hop. OS reports: Connection refused
'2019.09.27T03:31:49.540 hop. OS reports: Connection refused
'2019.09.27T03:31:51.540 hop. OS reports: Connection refused
'2019.09.27T03:31:53.540 hop. OS reports: Connection refused
'2019.09.27T03:31:55.540 hop. OS reports: Connection refused
'2019.09.27T03:31:57.540 hop. OS reports: Connection refused
"07:31:58.035   LOG INFO :: Removed client from pub tbl : "
"07:31:58.035   LOG INFO :: Removed client from pub tbl : "
'2019.09.27T03:31:59.540 hop. OS reports: Connection refused
'2019.09.27T03:32:01.540 hop. OS reports: Connection refused
'2019.09.27T03:32:03.540 hop. OS reports: Connection refused
'2019.09.27T03:32:05.540 hop. OS reports: Connection refused
'2019.09.27T03:32:07.540 hop. OS reports: Connection refused
'2019.09.27T03:32:09.540 hop. OS reports: Connection refused
'2019.09.27T03:32:11.540 hop. OS reports: Connection refused
'2019.09.27T03:32:13.540 hop. OS reports: Connection refused
'2019.09.27T03:32:15.540 hop. OS reports: Connection refused
'2019.09.27T03:32:17.540 hop. OS reports: Connection refused
'2019.09.27T03:32:19.540 hop. OS reports: Connection refused
'2019.09.27T03:32:21.540 hop. OS reports: Connection refused
'2019.09.27T03:32:23.540 hop. OS reports: Connection refused
'2019.09.27T03:32:25.540 hop. OS reports: Connection refused
'2019.09.27T03:32:27.540 hop. OS reports: Connection refused
'2019.09.27T03:32:29.540 hop. OS reports: Connection refused
'2019.09.27T03:32:31.540 hop. OS reports: Connection refused
'2019.09.27T03:32:33.540 hop. OS reports: Connection refused
'2019.09.27T03:32:35.540 hop. OS reports: Connection refused
'2019.09.27T03:32:37.540 hop. OS reports: Connection refused
'2019.09.27T03:32:39.540 hop. OS reports: Connection refused
'2019.09.27T03:32:41.540 hop. OS reports: Connection refused
'2019.09.27T03:32:43.540 hop. OS reports: Connection refused
'2019.09.27T03:32:45.540 hop. OS reports: Connection refused
'2019.09.27T03:32:47.540 hop. OS reports: Connection refused
'2019.09.27T03:32:49.540 hop. OS reports: Connection refused
