"init_block complete"
"04:48:32.986   LOG INFO :: New subscription successful"
"04:48:32.986   LOG INFO :: New subscription successful"
"04:48:51.786   LOG INFO :: New subscription successful"
`aggtbl`quote`tbls`tp`trade
sym| max_price min_price trade_vol avg_size last_price
---| -------------------------------------------------
51003
date time sym price size ex
---------------------------
"04:49:24.264   LOG INFO :: Updates for the trade table recieved so far today..
"04:49:24.264   LOG INFO :: Updates for the quote table recieved so far today..
"04:49:42.269   LOG INFO :: New subscription successful"
"04:49:42.269   LOG INFO :: New subscription successful"
'2019.09.27T00:49:44.264 hop. OS reports: Connection refused
'2019.09.27T00:49:46.264 hop. OS reports: Connection refused
'2019.09.27T00:49:48.264 hop. OS reports: Connection refused
'2019.09.27T00:49:49.265 hop. OS reports: Connection refused
'2019.09.27T00:49:51.264 hop. OS reports: Connection refused
'2019.09.27T00:49:53.264 hop. OS reports: Connection refused
'2019.09.27T00:49:54.265 hop. OS reports: Connection refused
'2019.09.27T00:49:56.264 hop. OS reports: Connection refused
'2019.09.27T00:49:58.264 hop. OS reports: Connection refused
'2019.09.27T00:49:59.265 hop. OS reports: Connection refused
'2019.09.27T00:50:01.263 hop. OS reports: Connection refused
'2019.09.27T00:50:02.265 hop. OS reports: Connection refused
'2019.09.27T00:50:04.264 hop. OS reports: Connection refused
'2019.09.27T00:50:06.264 hop. OS reports: Connection refused
'2019.09.27T00:50:08.264 hop. OS reports: Connection refused
'2019.09.27T00:50:09.266 hop. OS reports: Connection refused
'2019.09.27T00:50:11.264 hop. OS reports: Connection refused
'2019.09.27T00:50:13.264 hop. OS reports: Connection refused
'2019.09.27T00:50:14.265 hop. OS reports: Connection refused
'2019.09.27T00:50:16.264 hop. OS reports: Connection refused
'2019.09.27T00:50:18.264 hop. OS reports: Connection refused
'2019.09.27T00:50:19.265 hop. OS reports: Connection refused
'2019.09.27T00:50:20.285 .sub.tbl
  [0]  .sub.tbl
       ^
'2019.09.27T00:50:21.264 hop. OS reports: Connection refused
'2019.09.27T00:50:23.089 .sub
  [0]  .sub
       ^
'2019.09.27T00:50:23.263 hop. OS reports: Connection refused
'2019.09.27T00:50:24.265 hop. OS reports: Connection refused
"04:50:25.264   LOG INFO :: Updates for the trade table recieved so far today..
"04:50:25.264   LOG INFO :: Updates for the quote table recieved so far today..
   | ::
tbl| +`topic`client!(`quote`trade`aggtbl`quote`trade;`RDB1`RDB1`RDB2`CEP`CEP)
upd| {[vals]
    `.pub.tbl upsert vals;
    .log.info "New subscription succe..
'2019.09.27T00:50:26.264 hop. OS reports: Connection refused
'2019.09.27T00:50:27.265 hop. OS reports: Connection refused
'2019.09.27T00:50:29.264 hop. OS reports: Connection refused
topic  client
-------------
quote  RDB1  
trade  RDB1  
aggtbl RDB2  
quote  CEP   
trade  CEP   
'2019.09.27T00:50:31.264 hop. OS reports: Connection refused
'2019.09.27T00:50:33.264 hop. OS reports: Connection refused
'2019.09.27T00:50:34.265 hop. OS reports: Connection refused
'2019.09.27T00:50:36.264 hop. OS reports: Connection refused
'2019.09.27T00:50:38.264 hop. OS reports: Connection refused
0i
'2019.09.27T00:50:40.264 hop. OS reports: Connection refused
'2019.09.27T00:50:42.264 hop. OS reports: Connection refused
7 | 
8 | 
9 | 
10| 
11| 
'2019.09.27T00:50:44.264 hop. OS reports: Connection refused
'2019.09.27T00:50:46.264 hop. OS reports: Connection refused
'2019.09.27T00:50:48.264 hop. OS reports: Connection refused
'2019.09.27T00:50:50.264 hop. OS reports: Connection refused
'2019.09.27T00:50:52.264 hop. OS reports: Connection refused
'2019.09.27T00:50:54.264 hop. OS reports: Connection refused
'2019.09.27T00:50:56.264 hop. OS reports: Connection refused
'2019.09.27T00:50:58.264 hop. OS reports: Connection refused
7 | 
8 | 
9 | 
10| 
'2019.09.27T00:51:00.263 hop. OS reports: Connection refused
'2019.09.27T00:51:02.264 hop. OS reports: Connection refused
'2019.09.27T00:51:04.264 hop. OS reports: Connection refused
'2019.09.27T00:51:06.263 hop. OS reports: Connection refused
7 | 
8 | 
9 | 
10| 
'2019.09.27T00:51:08.264 hop. OS reports: Connection refused
'2019.09.27T00:51:09.264 hop. OS reports: Connection refused
'2019.09.27T00:51:11.264 hop. OS reports: Connection refused
'2019.09.27T00:51:13.264 hop. OS reports: Connection refused
'2019.09.27T00:51:15.264 hop. OS reports: Connection refused
'2019.09.27T00:51:17.264 hop. OS reports: Connection refused
'2019.09.27T00:51:19.264 hop. OS reports: Connection refused
'2019.09.27T00:51:21.264 hop. OS reports: Connection refused
'2019.09.27T00:51:23.264 hop. OS reports: Connection refused
'2019.09.27T00:51:25.264 hop. OS reports: Connection refused
"04:51:26.264   LOG INFO :: Updates for the trade table recieved so far today..
"04:51:26.264   LOG INFO :: Updates for the quote table recieved so far today..
'2019.09.27T00:51:27.264 hop. OS reports: Connection refused
'2019.09.27T00:51:29.264 hop. OS reports: Connection refused
'2019.09.27T00:51:31.264 hop. OS reports: Connection refused
'2019.09.27T00:51:33.264 hop. OS reports: Connection refused
'2019.09.27T00:51:35.264 hop. OS reports: Connection refused
'2019.09.27T00:51:37.264 hop. OS reports: Connection refused
'2019.09.27T00:51:39.264 hop. OS reports: Connection refused
'2019.09.27T00:51:41.264 hop. OS reports: Connection refused
'2019.09.27T00:51:43.264 hop. OS reports: Connection refused
'2019.09.27T00:51:45.264 hop. OS reports: Connection refused
'2019.09.27T00:51:47.264 hop. OS reports: Connection refused
'2019.09.27T00:51:49.264 hop. OS reports: Connection refused
'2019.09.27T00:51:51.264 hop. OS reports: Connection refused
'2019.09.27T00:51:53.264 hop. OS reports: Connection refused
`aggtbl`quote`tbls`tp`trade
'2019.09.27T00:51:55.264 hop. OS reports: Connection refused
'2019.09.27T00:51:56.265 hop. OS reports: Connection refused
'2019.09.27T00:51:58.264 hop. OS reports: Connection refused
'2019.09.27T00:51:59.265 hop. OS reports: Connection refused
'2019.09.27T00:52:01.264 hop. OS reports: Connection refused
'2019.09.27T00:52:03.264 hop. OS reports: Connection refused
'2019.09.27T00:52:05.264 hop. OS reports: Connection refused
'2019.09.27T00:52:07.264 hop. OS reports: Connection refused
'2019.09.27T00:52:09.264 hop. OS reports: Connection refused
'2019.09.27T00:52:11.264 hop. OS reports: Connection refused
"04:52:12.578   LOG INFO :: Removed client from pub tbl : "
"04:52:12.578   LOG INFO :: Removed client from pub tbl : "
("0";"4";":";"5";"2";":";"1";"2";".";"5";"7";"8";" ";" ";" ";"L";"O";"G";" ";"I";"N";"F";"O";" ";":";":";" ";"R";"e";"m";"o";"v";"e";"d";" ";"c";"l";"i";"e";"n";"t";" ";"f";"r";"o";"m";" ";"p";"u";"b";" ";"t";"b";"l";" ";":";" ";,"R";,"D";,"B";,"1")
'2019.09.27T00:52:13.263 hop. OS reports: Connection refused
'2019.09.27T00:52:14.264 hop. OS reports: Connection refused
"04:52:15.346   LOG INFO :: Removed client from pub tbl : "
'2019.09.27T00:52:16.264 hop. OS reports: Connection refused
'2019.09.27T00:52:17.264 hop. OS reports: Connection refused
'2019.09.27T00:52:19.264 hop. OS reports: Connection refused
'2019.09.27T00:52:21.264 hop. OS reports: Connection refused
'2019.09.27T00:52:23.264 hop. OS reports: Connection refused
'2019.09.27T00:52:25.264 hop. OS reports: Connection refused
'2019.09.27T00:52:27.264 hop. OS reports: Connection refused
'2019.09.27T00:52:29.264 hop. OS reports: Connection refused
'2019.09.27T00:52:31.264 hop. OS reports: Connection refused
'2019.09.27T00:52:33.264 hop. OS reports: Connection refused
'2019.09.27T00:52:35.264 hop. OS reports: Connection refused
'2019.09.27T00:52:37.264 hop. OS reports: Connection refused
'2019.09.27T00:52:39.264 hop. OS reports: Connection refused
'2019.09.27T00:52:41.264 hop. OS reports: Connection refused
'2019.09.27T00:52:43.264 hop. OS reports: Connection refused
'2019.09.27T00:52:45.264 hop. OS reports: Connection refused
'2019.09.27T00:52:47.264 hop. OS reports: Connection refused
'2019.09.27T00:52:49.264 hop. OS reports: Connection refused
'2019.09.27T00:52:51.264 hop. OS reports: Connection refused
'2019.09.27T00:52:53.264 hop. OS reports: Connection refused
'2019.09.27T00:52:55.264 hop. OS reports: Connection refused
'2019.09.27T00:52:57.264 hop. OS reports: Connection refused
'2019.09.27T00:52:59.264 hop. OS reports: Connection refused
"04:53:00.393   LOG INFO :: Removed client from pub tbl : "
'2019.09.27T00:53:01.264 hop. OS reports: Connection refused
'2019.09.27T00:53:02.264 hop. OS reports: Connection refused
'2019.09.27T00:53:04.264 hop. OS reports: Connection refused
'2019.09.27T00:53:06.264 hop. OS reports: Connection refused
'2019.09.27T00:53:08.264 hop. OS reports: Connection refused
'2019.09.27T00:53:10.264 hop. OS reports: Connection refused
'2019.09.27T00:53:12.264 hop. OS reports: Connection refused
'2019.09.27T00:53:14.264 hop. OS reports: Connection refused
'2019.09.27T00:53:16.264 hop. OS reports: Connection refused
'2019.09.27T00:53:18.264 hop. OS reports: Connection refused
'2019.09.27T00:53:20.264 hop. OS reports: Connection refused
'2019.09.27T00:53:22.264 hop. OS reports: Connection refused
'2019.09.27T00:53:24.264 hop. OS reports: Connection refused
'2019.09.27T00:53:26.264 hop. OS reports: Connection refused
'2019.09.27T00:53:28.264 hop. OS reports: Connection refused
'2019.09.27T00:53:30.264 hop. OS reports: Connection refused
'2019.09.27T00:53:32.264 hop. OS reports: Connection refused
'2019.09.27T00:53:34.264 hop. OS reports: Connection refused
'2019.09.27T00:53:36.264 hop. OS reports: Connection refused
'2019.09.27T00:53:38.264 hop. OS reports: Connection refused
'2019.09.27T00:53:40.264 hop. OS reports: Connection refused
'2019.09.27T00:53:42.264 hop. OS reports: Connection refused
'2019.09.27T00:53:44.264 hop. OS reports: Connection refused
'2019.09.27T00:53:46.264 hop. OS reports: Connection refused
'2019.09.27T00:53:48.264 hop. OS reports: Connection refused
'2019.09.27T00:53:50.264 hop. OS reports: Connection refused
'2019.09.27T00:53:52.264 hop. OS reports: Connection refused
'2019.09.27T00:53:54.264 hop. OS reports: Connection refused
'2019.09.27T00:53:56.264 hop. OS reports: Connection refused
'2019.09.27T00:53:58.264 hop. OS reports: Connection refused
'2019.09.27T00:54:00.264 hop. OS reports: Connection refused
'2019.09.27T00:54:02.263 hop. OS reports: Connection refused
'2019.09.27T00:54:03.264 hop. OS reports: Connection refused
'2019.09.27T00:54:05.264 hop. OS reports: Connection refused
'2019.09.27T00:54:07.264 hop. OS reports: Connection refused
'2019.09.27T00:54:09.264 hop. OS reports: Connection refused
'2019.09.27T00:54:11.264 hop. OS reports: Connection refused
'2019.09.27T00:54:13.264 hop. OS reports: Connection refused
'2019.09.27T00:54:15.264 hop. OS reports: Connection refused
'2019.09.27T00:54:17.264 hop. OS reports: Connection refused
'2019.09.27T00:54:19.264 hop. OS reports: Connection refused
'2019.09.27T00:54:21.264 hop. OS reports: Connection refused
'2019.09.27T00:54:23.264 hop. OS reports: Connection refused
'2019.09.27T00:54:25.264 hop. OS reports: Connection refused
'2019.09.27T00:54:27.264 hop. OS reports: Connection refused
'2019.09.27T00:54:29.264 hop. OS reports: Connection refused
'2019.09.27T00:54:31.264 hop. OS reports: Connection refused
'2019.09.27T00:54:33.264 hop. OS reports: Connection refused
'2019.09.27T00:54:35.264 hop. OS reports: Connection refused
'2019.09.27T00:54:37.264 hop. OS reports: Connection refused
'2019.09.27T00:54:39.264 hop. OS reports: Connection refused
'2019.09.27T00:54:41.264 hop. OS reports: Connection refused
'2019.09.27T00:54:43.264 hop. OS reports: Connection refused
'2019.09.27T00:54:45.264 hop. OS reports: Connection refused
'2019.09.27T00:54:47.264 hop. OS reports: Connection refused
'2019.09.27T00:54:49.264 hop. OS reports: Connection refused
'2019.09.27T00:54:51.264 hop. OS reports: Connection refused
'2019.09.27T00:54:53.264 hop. OS reports: Connection refused
'2019.09.27T00:54:55.264 hop. OS reports: Connection refused
'2019.09.27T00:54:57.264 hop. OS reports: Connection refused
'2019.09.27T00:54:59.264 hop. OS reports: Connection refused
'2019.09.27T00:55:01.264 hop. OS reports: Connection refused
'2019.09.27T00:55:03.264 hop. OS reports: Connection refused
'2019.09.27T00:55:05.264 hop. OS reports: Connection refused
'2019.09.27T00:55:07.264 hop. OS reports: Connection refused
'2019.09.27T00:55:09.264 hop. OS reports: Connection refused
'2019.09.27T00:55:11.264 hop. OS reports: Connection refused
'2019.09.27T00:55:13.264 hop. OS reports: Connection refused
'2019.09.27T00:55:15.264 hop. OS reports: Connection refused
'2019.09.27T00:55:16.265 hop. OS reports: Connection refused
'2019.09.27T00:55:17.266 hop. OS reports: Connection refused
'2019.09.27T00:55:19.264 hop. OS reports: Connection refused
'2019.09.27T00:55:20.264 hop. OS reports: Connection refused
'2019.09.27T00:55:22.264 hop. OS reports: Connection refused
'2019.09.27T00:55:24.264 hop. OS reports: Connection refused
'2019.09.27T00:55:26.264 hop. OS reports: Connection refused
'2019.09.27T00:55:28.264 hop. OS reports: Connection refused
'2019.09.27T00:55:30.264 hop. OS reports: Connection refused
'2019.09.27T00:55:32.264 hop. OS reports: Connection refused
'2019.09.27T00:55:34.264 hop. OS reports: Connection refused
'2019.09.27T00:55:36.264 hop. OS reports: Connection refused
'2019.09.27T00:55:38.264 hop. OS reports: Connection refused
'2019.09.27T00:55:40.264 hop. OS reports: Connection refused
'2019.09.27T00:55:42.264 hop. OS reports: Connection refused
'2019.09.27T00:55:44.264 hop. OS reports: Connection refused
'2019.09.27T00:55:46.264 hop. OS reports: Connection refused
'2019.09.27T00:55:48.264 hop. OS reports: Connection refused
'2019.09.27T00:55:50.264 hop. OS reports: Connection refused
'2019.09.27T00:55:52.264 hop. OS reports: Connection refused
'2019.09.27T00:55:54.264 hop. OS reports: Connection refused
'2019.09.27T00:55:56.264 hop. OS reports: Connection refused
'2019.09.27T00:55:58.264 hop. OS reports: Connection refused
'2019.09.27T00:56:00.264 hop. OS reports: Connection refused
'2019.09.27T00:56:02.264 hop. OS reports: Connection refused
'2019.09.27T00:56:04.264 hop. OS reports: Connection refused
'2019.09.27T00:56:06.264 hop. OS reports: Connection refused
'2019.09.27T00:56:08.264 hop. OS reports: Connection refused
'2019.09.27T00:56:10.264 hop. OS reports: Connection refused
'2019.09.27T00:56:12.264 hop. OS reports: Connection refused
'2019.09.27T00:56:14.264 hop. OS reports: Connection refused
'2019.09.27T00:56:16.264 hop. OS reports: Connection refused
'2019.09.27T00:56:18.264 hop. OS reports: Connection refused
'2019.09.27T00:56:20.264 hop. OS reports: Connection refused
'2019.09.27T00:56:22.264 hop. OS reports: Connection refused
'2019.09.27T00:56:24.264 hop. OS reports: Connection refused
'2019.09.27T00:56:26.264 hop. OS reports: Connection refused
'2019.09.27T00:56:28.264 hop. OS reports: Connection refused
'2019.09.27T00:56:30.264 hop. OS reports: Connection refused
"04:56:31.264   LOG INFO :: Updates for the trade table recieved so far today : 410"
"04:56:31.264   LOG INFO :: Updates for the quote table recieved so far today : 850"
'2019.09.27T00:56:32.264 hop. OS reports: Connection refused
'2019.09.27T00:56:34.264 hop. OS reports: Connection refused
'2019.09.27T00:56:36.264 hop. OS reports: Connection refused
'2019.09.27T00:56:38.264 hop. OS reports: Connection refused
'2019.09.27T00:56:40.264 hop. OS reports: Connection refused
'2019.09.27T00:56:42.264 hop. OS reports: Connection refused
