"init_block complete"
"07:40:49.166   LOG INFO :: This process is a : RDB2"
"07:40:49.166   LOG INFO :: Finished importing libraries"
"07:40:49.166   LOG INFO :: Connecting to BASE process"
"07:40:49.166   LOG INFO :: Connecting to BASE process"
"07:40:49.167   LOG INFO :: completed command on connection : BASE"
"07:40:49.167   LOG INFO :: This RDB is for tables :aggtbl"
"07:40:49.168   LOG INFO :: Subscribing to TP tables"
"07:40:49.168   LOG INFO :: Finished Subscribing to TP tables"
"07:40:49.168   LOG INFO :: Replaying log file :: :/home/cwright/advanced/logging/txn/TP_2019.11.30.log"
"07:40:49.169   LOG INFO :: Completed log replay"
"07:40:49.169   LOG INFO :: Setting timere"
"07:40:49.169   LOG INFO :: Removed client from pub tbl : "
"07:41:49.269   LOG INFO :: Update for the aggtbl  table"
"07:42:16.493   LOG INFO :: Removed client from pub tbl : BASE"
"07:42:16.578   LOG INFO :: Removed client from pub tbl : TP"
"07:42:16.671   LOG INFO :: Removed client from pub tbl : RDB1"
"07:42:16.749   LOG INFO :: Removed client from pub tbl : CEP"
"07:42:49.369   LOG INFO :: Update for the aggtbl  table"
"07:43:49.469   LOG INFO :: Update for the aggtbl  table"
"07:44:49.569   LOG INFO :: Update for the aggtbl  table"
"07:45:49.669   LOG INFO :: Update for the aggtbl  table"
"07:46:49.769   LOG INFO :: Update for the aggtbl  table"
"07:47:49.869   LOG INFO :: Update for the aggtbl  table"
"07:48:49.969   LOG INFO :: Update for the aggtbl  table"
"07:49:50.069   LOG INFO :: Update for the aggtbl  table"
"07:50:50.169   LOG INFO :: Update for the aggtbl  table"
"07:51:50.269   LOG INFO :: Update for the aggtbl  table"
"07:52:50.369   LOG INFO :: Update for the aggtbl  table"
"07:53:50.469   LOG INFO :: Update for the aggtbl  table"
