"init_block complete"
"07:40:47.159   LOG INFO :: This process is a : RDB1"
"07:40:47.159   LOG INFO :: Finished importing libraries"
"07:40:47.159   LOG INFO :: Connecting to BASE process"
"07:40:47.159   LOG INFO :: Connecting to BASE process"
"07:40:47.159   LOG INFO :: completed command on connection : BASE"
"07:40:47.160   LOG INFO :: This RDB is for tables :quotetrade"
"07:40:47.160   LOG INFO :: Subscribing to TP tables"
"07:40:47.160   LOG INFO :: Finished Subscribing to TP tables"
"07:40:47.161   LOG INFO :: Replaying log file :: :/home/cwright/advanced/logging/txn/TP_2019.11.30.log"
"07:40:47.161   LOG INFO :: Completed log replay"
"07:40:47.161   LOG INFO :: Setting timere"
"07:40:47.161   LOG INFO :: Removed client from pub tbl : "
"07:40:48.164   LOG INFO :: Added connection from SVC : CEP"
"07:40:49.169   LOG INFO :: Added connection from SVC : RDB2"
"07:41:47.162   LOG INFO :: Update for the quote  table"
"07:41:47.162   LOG INFO :: Update for the trade  table"
"07:42:16.493   LOG INFO :: Removed client from pub tbl : BASE"
"07:42:16.578   LOG INFO :: Removed client from pub tbl : TP"
./start_rdb1.sh: line 14: 28166 Killed                  q rdb.q -instance 1 -logfile $logfile -p $rdb1_port -svc RDB1 -c 2001 2001 -tables quote trade -hdb $HDB_DIR -q
