"init_block complete"
"07:39:42.163   LOG INFO :: This process is a : RDB1"
"07:39:42.163   LOG INFO :: Finished importing libraries"
"07:39:42.163   LOG INFO :: Connecting to BASE process"
"07:39:42.163   LOG INFO :: Connecting to BASE process"
"07:39:42.164   LOG INFO :: completed command on connection : BASE"
"07:39:42.164   LOG INFO :: This RDB is for tables :quotetrade"
"07:39:42.164   LOG INFO :: Subscribing to TP tables"
"07:39:42.165   LOG INFO :: Finished Subscribing to TP tables"
"07:39:42.165   LOG INFO :: Replaying log file :: :/home/cwright/advanced/logging/txn/TP_2019.11.30.log"
"07:39:42.165   LOG INFO :: Completed log replay"
"07:39:42.165   LOG INFO :: Setting timere"
"07:39:43.174   LOG INFO :: Added connection from SVC : CEP"
"07:39:44.172   LOG INFO :: Added connection from SVC : RDB2"
"07:39:51.632   LOG INFO :: Removed client from pub tbl : "
"07:39:51.654   LOG INFO :: Removed client from pub tbl : CEP"
"07:39:56.491   LOG INFO :: Removed client from pub tbl : RDB2"
"07:40:11.723   LOG INFO :: Removed client from pub tbl : BASE"
"07:40:11.817   LOG INFO :: Removed client from pub tbl : TP"
./start_rdb1.sh: line 14: 27493 Killed                  q rdb.q -instance 1 -logfile $logfile -p $rdb1_port -svc RDB1 -c 2001 2001 -tables quote trade -hdb $HDB_DIR -q
