"init_block complete"
"07:39:41.173   LOG INFO :: This process is a : TP"
"07:39:41.174   LOG INFO :: Finished importing libraries"
"07:39:41.175   LOG INFO :: Setting log file path"
"07:39:41.175   LOG INFO :: Opening handle to log file"
"07:39:41.177   LOG INFO :: Successfully connected to log file"
"07:39:41.177   LOG INFO :: Connecting to BASE process"
"07:39:41.178   LOG INFO :: TP set up complete"
"07:39:42.165   LOG INFO :: New subscription successful"
"07:39:42.165   LOG INFO :: New subscription successful"
"07:39:42.165   LOG INFO :: Added connection from SVC : RDB1"
"07:39:43.172   LOG INFO :: New subscription successful"
"07:39:43.172   LOG INFO :: New subscription successful"
"07:39:43.172   LOG INFO :: Added connection from SVC : CEP"
"07:39:44.171   LOG INFO :: New subscription successful"
"07:39:44.172   LOG INFO :: Added connection from SVC : RDB2"
"07:39:51.632   LOG INFO :: Removed client from pub tbl : "
"07:39:51.654   LOG INFO :: Removed client from pub tbl : CEP"
"07:39:56.491   LOG INFO :: Removed client from pub tbl : RDB2"
"07:40:11.723   LOG INFO :: Removed client from pub tbl : BASE"
./start_tp.sh: line 12: 27474 Killed                  q tp.q -instance 1 -logfile $logfile -p $tp_port -svc $tpsvc -c 2001 2001 -q
