"init_block complete"
"01:42:22.212   LOG INFO :: This process is a : TP"
"01:42:22.212   LOG INFO :: Finished importing libraries"
"01:42:22.213   LOG INFO :: Setting log file path"
"01:42:22.213   LOG INFO :: Opening handle to log file"
"01:42:22.214   LOG INFO :: Successfully connected to log file"
"01:42:22.214   LOG INFO :: Connecting to BASE process"
"01:42:22.215   LOG INFO :: TP set up complete"
"01:42:23.215   LOG INFO :: New subscription successful"
"01:42:23.215   LOG INFO :: New subscription successful"
"01:42:23.215   LOG INFO :: Added connection from SVC : RDB1"
"01:42:24.220   LOG INFO :: New subscription successful"
"01:42:24.220   LOG INFO :: New subscription successful"
"01:42:24.221   LOG INFO :: Added connection from SVC : CEP"
"01:42:25.225   LOG INFO :: New subscription successful"
"01:42:25.225   LOG INFO :: Added connection from SVC : RDB2"
"01:43:22.215   LOG INFO :: Updates for the trade table recieved so far today : 55"
"01:43:22.216   LOG INFO :: Updates for the quote table recieved so far today : 140"
"01:43:28.523   LOG INFO :: Removed client from pub tbl : "
"01:43:28.535   LOG INFO :: Removed client from pub tbl : CEP"
"01:43:32.095   LOG INFO :: Removed client from pub tbl : RDB2"
"01:43:34.385   LOG INFO :: Removed client from pub tbl : BASE"
./start_tp.sh: line 12: 14782 Killed                  q tp.q -instance 1 -logfile $logfile -p $tp_port -svc $tpsvc -c 2001 2001 -q
