"init_block complete"
"TP"
"01:33:56.364   LOG INFO :: Updates for the trade table recieved so far today : 50"
"01:33:56.364   LOG INFO :: Updates for the quote table recieved so far today : 100"
topic client
------------
svc port handle
---------------
"01:34:57.364   LOG INFO :: Updates for the trade table recieved so far today : 100"
"01:34:57.364   LOG INFO :: Updates for the quote table recieved so far today : 200"
"01:35:58.364   LOG INFO :: Updates for the trade table recieved so far today : 150"
"01:35:58.364   LOG INFO :: Updates for the quote table recieved so far today : 305"
"01:36:59.364   LOG INFO :: Updates for the trade table recieved so far today : 200"
"01:36:59.364   LOG INFO :: Updates for the quote table recieved so far today : 405"
"01:38:00.364   LOG INFO :: Updates for the trade table recieved so far today : 250"
"01:38:00.364   LOG INFO :: Updates for the quote table recieved so far today : 505"
"01:39:01.364   LOG INFO :: Updates for the trade table recieved so far today : 305"
"01:39:01.364   LOG INFO :: Updates for the quote table recieved so far today : 610"
"01:40:02.364   LOG INFO :: Updates for the trade table recieved so far today : 355"
"01:40:02.364   LOG INFO :: Updates for the quote table recieved so far today : 710"
"01:41:03.364   LOG INFO :: Updates for the trade table recieved so far today : 405"
"01:41:03.364   LOG INFO :: Updates for the quote table recieved so far today : 810"
"01:42:04.364   LOG INFO :: Updates for the trade table recieved so far today : 455"
"01:42:04.364   LOG INFO :: Updates for the quote table recieved so far today : 915"
"01:43:05.364   LOG INFO :: Updates for the trade table recieved so far today : 505"
"01:43:05.364   LOG INFO :: Updates for the quote table recieved so far today : 1015"
"01:44:06.364   LOG INFO :: Updates for the trade table recieved so far today : 555"
"01:44:06.364   LOG INFO :: Updates for the quote table recieved so far today : 1115"
"01:45:07.364   LOG INFO :: Updates for the trade table recieved so far today : 610"
"01:45:07.364   LOG INFO :: Updates for the quote table recieved so far today : 1220"
"01:46:08.364   LOG INFO :: Updates for the trade table recieved so far today : 660"
"01:46:08.364   LOG INFO :: Updates for the quote table recieved so far today : 1320"
"01:47:09.364   LOG INFO :: Updates for the trade table recieved so far today : 710"
"01:47:09.364   LOG INFO :: Updates for the quote table recieved so far today : 1420"
"01:48:10.364   LOG INFO :: Updates for the trade table recieved so far today : 760"
"01:48:10.364   LOG INFO :: Updates for the quote table recieved so far today : 1525"
"01:49:11.364   LOG INFO :: Updates for the trade table recieved so far today : 810"
"01:49:11.364   LOG INFO :: Updates for the quote table recieved so far today : 1625"
"01:50:12.364   LOG INFO :: Updates for the trade table recieved so far today : 860"
"01:50:12.364   LOG INFO :: Updates for the quote table recieved so far today : 1725"
"01:51:13.364   LOG INFO :: Updates for the trade table recieved so far today : 915"
"01:51:13.364   LOG INFO :: Updates for the quote table recieved so far today : 1830"
