"init_block complete"
"07:40:46.154   LOG INFO :: This process is a : BASE"
"07:40:46.154   LOG INFO :: Removed client from pub tbl : "
"init_block complete"
"07:40:46.154   LOG INFO :: This process is a : TP"
"07:40:46.155   LOG INFO :: Finished importing libraries"
"07:40:46.155   LOG INFO :: Setting log file path"
"07:40:46.155   LOG INFO :: Opening handle to log file"
"07:40:46.155   LOG INFO :: Successfully connected to log file"
"07:40:46.155   LOG INFO :: Connecting to BASE process"
"07:40:46.156   LOG INFO :: TP set up complete"
"07:40:46.156   LOG INFO :: Removed client from pub tbl : "
"07:40:46.156   LOG INFO :: Added connection from SVC : TP"
"init_block complete"
"07:40:47.159   LOG INFO :: This process is a : RDB1"
"07:40:47.159   LOG INFO :: Finished importing libraries"
"07:40:47.159   LOG INFO :: Connecting to BASE process"
"07:40:47.159   LOG INFO :: Connecting to BASE process"
"07:40:47.159   LOG INFO :: completed command on connection : BASE"
"07:40:47.160   LOG INFO :: This RDB is for tables :quotetrade"
"07:40:47.160   LOG INFO :: Subscribing to TP tables"
"07:40:47.160   LOG INFO :: New subscription successful"
"07:40:47.160   LOG INFO :: New subscription successful"
"07:40:47.160   LOG INFO :: Added connection from SVC : RDB1"
"07:40:47.160   LOG INFO :: Finished Subscribing to TP tables"
"07:40:47.161   LOG INFO :: Replaying log file :: :/home/cwright/advanced/logging/txn/TP_2019.11.30.log"
"07:40:47.161   LOG INFO :: Completed log replay"
"07:40:47.161   LOG INFO :: Setting timere"
"07:40:47.161   LOG INFO :: Removed client from pub tbl : "
"07:40:47.162   LOG INFO :: Added connection from SVC : RDB1"
"init_block complete"
"07:40:48.161   LOG INFO :: This process is a : CEP"
"07:40:48.161   LOG INFO :: Finished importing libraries"
"07:40:48.162   LOG INFO :: Adding BASE Connection"
"07:40:48.162   LOG INFO :: completed command on connection : BASE"
"07:40:48.163   LOG INFO :: Finished connecting to BASE process"
"07:40:48.163   LOG INFO :: New subscription successful"
"07:40:48.163   LOG INFO :: New subscription successful"
"07:40:48.163   LOG INFO :: Added connection from SVC : CEP"
"07:40:48.163   LOG INFO :: New subscription successful"
"Forcing Sub"
"Forced Sub"
"07:40:48.164   LOG INFO :: Set up finished, strting timer"
"07:40:48.164   LOG INFO :: Removed client from pub tbl : "
"07:40:48.164   LOG INFO :: Added connection from SVC : CEP"
"07:40:48.164   LOG INFO :: Added connection from SVC : CEP"
"init_block complete"
"07:40:49.166   LOG INFO :: This process is a : RDB2"
"07:40:49.166   LOG INFO :: Finished importing libraries"
"07:40:49.166   LOG INFO :: Connecting to BASE process"
"07:40:49.166   LOG INFO :: Connecting to BASE process"
"07:40:49.167   LOG INFO :: completed command on connection : BASE"
"07:40:49.167   LOG INFO :: This RDB is for tables :aggtbl"
"07:40:49.168   LOG INFO :: Subscribing to TP tables"
"07:40:49.168   LOG INFO :: New subscription successful"
"07:40:49.168   LOG INFO :: Finished Subscribing to TP tables"
"07:40:49.168   LOG INFO :: Added connection from SVC : RDB2"
"07:40:49.168   LOG INFO :: Replaying log file :: :/home/cwright/advanced/logging/txn/TP_2019.11.30.log"
"07:40:49.169   LOG INFO :: Completed log replay"
"07:40:49.169   LOG INFO :: Setting timere"
"07:40:49.169   LOG INFO :: Removed client from pub tbl : "
"07:40:49.169   LOG INFO :: Added connection from SVC : RDB2"
"07:40:49.169   LOG INFO :: Added connection from SVC : RDB2"
"07:40:49.169   LOG INFO :: Added connection from SVC : RDB2"
"07:41:46.156   LOG INFO :: Updates for the trade table recieved so far today : 55"
"07:41:46.156   LOG INFO :: Updates for the quote table recieved so far today : 140"
"07:41:47.162   LOG INFO :: Update for the quote  table"
"07:41:47.162   LOG INFO :: Update for the trade  table"
"07:41:49.269   LOG INFO :: Update for the aggtbl  table"
"07:42:16.493   LOG INFO :: Removed client from pub tbl : BASE"
"07:42:16.493   LOG INFO :: Removed client from pub tbl : BASE"
"07:42:16.493   LOG INFO :: Removed client from pub tbl : BASE"
"07:42:16.493   LOG INFO :: Removed client from pub tbl : BASE"
./start_base.sh: line 12: 28147 Killed                  q Qframework.q -instance 1 -p $Qport -svc BASE -c 2001 2001 -q
"07:42:16.578   LOG INFO :: Removed client from pub tbl : TP"
"07:42:16.578   LOG INFO :: Removed client from pub tbl : TP"
"07:42:16.578   LOG INFO :: Removed client from pub tbl : TP"
./start_tp.sh: line 12: 28146 Killed                  q tp.q -instance 1 -logfile $logfile -p $tp_port -svc $tpsvc -c 2001 2001 -q
"07:42:16.671   LOG INFO :: Removed client from pub tbl : RDB1"
"07:42:16.671   LOG INFO :: Removed client from pub tbl : RDB1"
./start_rdb1.sh: line 14: 28166 Killed                  q rdb.q -instance 1 -logfile $logfile -p $rdb1_port -svc RDB1 -c 2001 2001 -tables quote trade -hdb $HDB_DIR -q
./start_cep.sh: line 12: 28186 Killed                  rlwrap q cep.q -instance 1 -logfile $logfile -p $cep_port -svc CEP -tables quote trade -q
"07:42:16.749   LOG INFO :: Removed client from pub tbl : CEP"
"07:42:49.369   LOG INFO :: Update for the aggtbl  table"
"07:43:49.469   LOG INFO :: Update for the aggtbl  table"
"07:44:49.569   LOG INFO :: Update for the aggtbl  table"
"07:45:49.669   LOG INFO :: Update for the aggtbl  table"
"07:46:49.769   LOG INFO :: Update for the aggtbl  table"
"07:47:49.869   LOG INFO :: Update for the aggtbl  table"
"07:48:49.969   LOG INFO :: Update for the aggtbl  table"
"07:49:50.069   LOG INFO :: Update for the aggtbl  table"
"07:50:50.169   LOG INFO :: Update for the aggtbl  table"
"07:51:50.269   LOG INFO :: Update for the aggtbl  table"
"07:52:50.369   LOG INFO :: Update for the aggtbl  table"
"07:53:50.469   LOG INFO :: Update for the aggtbl  table"
