"init_block complete"
"09:08:39.079   LOG INFO :: This process is a : RDB1"
"09:08:39.079   LOG INFO :: Finished importing libraries"
"09:08:39.079   LOG INFO :: Connecting to BASE process"
"09:08:39.079   LOG INFO :: Connecting to BASE process"
"09:08:39.079   LOG INFO :: completed command on handle : 5"
`quote`trade
"09:08:39.080   LOG INFO :: Subscribing to TP tables"
"09:08:39.080   LOG INFO :: Finished Subscribing to TP tables"
"09:08:39.080   LOG INFO :: Replaying log file :: :/home/cwright/advanced/logging/txn/TP_2019.10.21.log"
"09:08:39.081   LOG INFO :: Completed log replay"
"09:08:39.081   LOG INFO :: Setting timere"
"09:08:40.091   LOG INFO :: Added connection from SVC : CEP"
"09:08:41.093   LOG INFO :: Added connection from SVC : RDB2"
"09:08:49.310   LOG INFO :: Removed client from pub tbl : "
"09:08:49.321   LOG INFO :: Removed client from pub tbl : CEP"
"09:08:49.321   LOG INFO :: Removed client from pub tbl : RDB2"
"09:09:05.613   LOG INFO :: Removed client from pub tbl : BASE"
"09:09:05.692   LOG INFO :: Removed client from pub tbl : TP"
./start_rdb1.sh: line 13: 13377 Killed                  q rdb.q -instance 1 -logfile $logfile -p $rdb1_port -svc RDB1 -c 2001 2001 -tables quote trade -q
